{"uuid":"2e7279ec-d370-4471-8123-4f1269c54925","historyId":"56513c01db4717536bdf300a14f3acb3","fullName":"Login.Smoke_Test.FW_Flow","labels":[{"name":"package","value":"Login.Smoke_Test"},{"name":"testClass","value":"Login.Smoke_Test"},{"name":"testMethod","value":"FW_Flow"},{"name":"parentSuite","value":"Default Suite"},{"name":"suite","value":"playwrite"},{"name":"subSuite","value":"Login.Smoke_Test"},{"name":"host","value":"Tejass-MacBook-Pro.local"},{"name":"thread","value":"34456@Tejass-MacBook-Pro.local.main(1)"},{"name":"framework","value":"testng"},{"name":"language","value":"java"}],"links":[],"name":"FW_Flow","status":"broken","statusDetails":{"known":false,"muted":false,"flaky":false,"message":"Error {\n  message='SyntaxError: Failed to execute 'evaluate' on 'Document': The string '//*[text()='I don't have registration date, it's a new vehicle']' is not a valid XPath expression.\n    at Object.queryAll (<anonymous>:41:25)\n    at InjectedScript._queryEngineAll (<anonymous>:5916:49)\n    at InjectedScript.querySelectorAll (<anonymous>:5903:30)\n    at eval (eval at evaluate (:234:30), <anonymous>:5:35)\n    at UtilityScript.evaluate (<anonymous>:236:17)\n    at UtilityScript.<anonymous> (<anonymous>:1:44)\n  name='Error\n  stack='Error: SyntaxError: Failed to execute 'evaluate' on 'Document': The string '//*[text()='I don't have registration date, it's a new vehicle']' is not a valid XPath expression.\n    at Object.queryAll (<anonymous>:41:25)\n    at InjectedScript._queryEngineAll (<anonymous>:5916:49)\n    at InjectedScript.querySelectorAll (<anonymous>:5903:30)\n    at eval (eval at evaluate (:234:30), <anonymous>:5:35)\n    at UtilityScript.evaluate (<anonymous>:236:17)\n    at UtilityScript.<anonymous> (<anonymous>:1:44)\n    at CRExecutionContext.evaluateWithArguments (/private/var/folders/lm/9s7m2nks0j36ldwqcf932t5h0000gn/T/playwright-java-4267073346915919427/package/lib/server/chromium/crExecutionContext.js:79:33)\n    at async LongStandingScope._race (/private/var/folders/lm/9s7m2nks0j36ldwqcf932t5h0000gn/T/playwright-java-4267073346915919427/package/lib/utils/manualPromise.js:96:14)\n    at async evaluateExpression (/private/var/folders/lm/9s7m2nks0j36ldwqcf932t5h0000gn/T/playwright-java-4267073346915919427/package/lib/server/javascript.js:229:12)\n    at async /private/var/folders/lm/9s7m2nks0j36ldwqcf932t5h0000gn/T/playwright-java-4267073346915919427/package/lib/server/frames.js:964:22\n    at async Frame.retryWithProgressAndTimeouts (/private/var/folders/lm/9s7m2nks0j36ldwqcf932t5h0000gn/T/playwright-java-4267073346915919427/package/lib/server/frames.js:934:24)\n    at async /private/var/folders/lm/9s7m2nks0j36ldwqcf932t5h0000gn/T/playwright-java-4267073346915919427/package/lib/server/frames.js:1188:29\n    at async ProgressController.run (/private/var/folders/lm/9s7m2nks0j36ldwqcf932t5h0000gn/T/playwright-java-4267073346915919427/package/lib/server/progress.js:79:22)\n    at async FrameDispatcher.hover (/private/var/folders/lm/9s7m2nks0j36ldwqcf932t5h0000gn/T/playwright-java-4267073346915919427/package/lib/server/dispatchers/frameDispatcher.js:238:12)\n    at async LongStandingScope._race (/private/var/folders/lm/9s7m2nks0j36ldwqcf932t5h0000gn/T/playwright-java-4267073346915919427/package/lib/utils/manualPromise.js:96:14)\n    at async FrameDispatcher._handleCommand (/private/var/folders/lm/9s7m2nks0j36ldwqcf932t5h0000gn/T/playwright-java-4267073346915919427/package/lib/server/dispatchers/dispatcher.js:96:14)\n}\nCall log:\n-   - waiting for locator(\"//*[text()='I don't have registration date, it's a new vehicle']\")\n","trace":"com.microsoft.playwright.PlaywrightException: Error {\n  message='SyntaxError: Failed to execute 'evaluate' on 'Document': The string '//*[text()='I don't have registration date, it's a new vehicle']' is not a valid XPath expression.\n    at Object.queryAll (<anonymous>:41:25)\n    at InjectedScript._queryEngineAll (<anonymous>:5916:49)\n    at InjectedScript.querySelectorAll (<anonymous>:5903:30)\n    at eval (eval at evaluate (:234:30), <anonymous>:5:35)\n    at UtilityScript.evaluate (<anonymous>:236:17)\n    at UtilityScript.<anonymous> (<anonymous>:1:44)\n  name='Error\n  stack='Error: SyntaxError: Failed to execute 'evaluate' on 'Document': The string '//*[text()='I don't have registration date, it's a new vehicle']' is not a valid XPath expression.\n    at Object.queryAll (<anonymous>:41:25)\n    at InjectedScript._queryEngineAll (<anonymous>:5916:49)\n    at InjectedScript.querySelectorAll (<anonymous>:5903:30)\n    at eval (eval at evaluate (:234:30), <anonymous>:5:35)\n    at UtilityScript.evaluate (<anonymous>:236:17)\n    at UtilityScript.<anonymous> (<anonymous>:1:44)\n    at CRExecutionContext.evaluateWithArguments (/private/var/folders/lm/9s7m2nks0j36ldwqcf932t5h0000gn/T/playwright-java-4267073346915919427/package/lib/server/chromium/crExecutionContext.js:79:33)\n    at async LongStandingScope._race (/private/var/folders/lm/9s7m2nks0j36ldwqcf932t5h0000gn/T/playwright-java-4267073346915919427/package/lib/utils/manualPromise.js:96:14)\n    at async evaluateExpression (/private/var/folders/lm/9s7m2nks0j36ldwqcf932t5h0000gn/T/playwright-java-4267073346915919427/package/lib/server/javascript.js:229:12)\n    at async /private/var/folders/lm/9s7m2nks0j36ldwqcf932t5h0000gn/T/playwright-java-4267073346915919427/package/lib/server/frames.js:964:22\n    at async Frame.retryWithProgressAndTimeouts (/private/var/folders/lm/9s7m2nks0j36ldwqcf932t5h0000gn/T/playwright-java-4267073346915919427/package/lib/server/frames.js:934:24)\n    at async /private/var/folders/lm/9s7m2nks0j36ldwqcf932t5h0000gn/T/playwright-java-4267073346915919427/package/lib/server/frames.js:1188:29\n    at async ProgressController.run (/private/var/folders/lm/9s7m2nks0j36ldwqcf932t5h0000gn/T/playwright-java-4267073346915919427/package/lib/server/progress.js:79:22)\n    at async FrameDispatcher.hover (/private/var/folders/lm/9s7m2nks0j36ldwqcf932t5h0000gn/T/playwright-java-4267073346915919427/package/lib/server/dispatchers/frameDispatcher.js:238:12)\n    at async LongStandingScope._race (/private/var/folders/lm/9s7m2nks0j36ldwqcf932t5h0000gn/T/playwright-java-4267073346915919427/package/lib/utils/manualPromise.js:96:14)\n    at async FrameDispatcher._handleCommand (/private/var/folders/lm/9s7m2nks0j36ldwqcf932t5h0000gn/T/playwright-java-4267073346915919427/package/lib/server/dispatchers/dispatcher.js:96:14)\n}\nCall log:\n-   - waiting for locator(\"//*[text()='I don't have registration date, it's a new vehicle']\")\n\n\tat com.microsoft.playwright.impl.WaitableResult.get(WaitableResult.java:56)\n\tat com.microsoft.playwright.impl.ChannelOwner.runUntil(ChannelOwner.java:132)\n\tat com.microsoft.playwright.impl.Connection.sendMessage(Connection.java:130)\n\tat com.microsoft.playwright.impl.ChannelOwner.sendMessage(ChannelOwner.java:118)\n\tat com.microsoft.playwright.impl.FrameImpl.hoverImpl(FrameImpl.java:482)\n\tat com.microsoft.playwright.impl.FrameImpl.lambda$hover$19(FrameImpl.java:473)\n\tat com.microsoft.playwright.impl.LoggingSupport.lambda$withLogging$0(LoggingSupport.java:36)\n\tat com.microsoft.playwright.impl.LoggingSupport.withLogging(LoggingSupport.java:47)\n\tat com.microsoft.playwright.impl.ChannelOwner.withLogging(ChannelOwner.java:97)\n\tat com.microsoft.playwright.impl.LoggingSupport.withLogging(LoggingSupport.java:35)\n\tat com.microsoft.playwright.impl.FrameImpl.hover(FrameImpl.java:473)\n\tat com.microsoft.playwright.impl.LocatorImpl.hover(LocatorImpl.java:359)\n\tat com.microsoft.playwright.Locator.hover(Locator.java:3788)\n\tat Pages.FW_Pages.CreateQuoteWithoutRegNumber(FW_Pages.java:42)\n\tat Login.Smoke_Test.FW_Flow(Smoke_Test.java:47)\n\tat java.base/jdk.internal.reflect.NativeMethodAccessorImpl.invoke0(Native Method)\n\tat java.base/jdk.internal.reflect.NativeMethodAccessorImpl.invoke(NativeMethodAccessorImpl.java:77)\n\tat java.base/jdk.internal.reflect.DelegatingMethodAccessorImpl.invoke(DelegatingMethodAccessorImpl.java:43)\n\tat java.base/java.lang.reflect.Method.invoke(Method.java:568)\n\tat org.testng.internal.invokers.MethodInvocationHelper.invokeMethod(MethodInvocationHelper.java:139)\n\tat org.testng.internal.invokers.TestInvoker.invokeMethod(TestInvoker.java:664)\n\tat org.testng.internal.invokers.TestInvoker.invokeTestMethod(TestInvoker.java:228)\n\tat org.testng.internal.invokers.MethodRunner.runInSequence(MethodRunner.java:63)\n\tat org.testng.internal.invokers.TestInvoker$MethodInvocationAgent.invoke(TestInvoker.java:961)\n\tat org.testng.internal.invokers.TestInvoker.invokeTestMethods(TestInvoker.java:201)\n\tat org.testng.internal.invokers.TestMethodWorker.invokeTestMethods(TestMethodWorker.java:148)\n\tat org.testng.internal.invokers.TestMethodWorker.run(TestMethodWorker.java:128)\n\tat java.base/java.util.ArrayList.forEach(ArrayList.java:1511)\n\tat org.testng.TestRunner.privateRun(TestRunner.java:819)\n\tat org.testng.TestRunner.run(TestRunner.java:619)\n\tat org.testng.SuiteRunner.runTest(SuiteRunner.java:443)\n\tat org.testng.SuiteRunner.runSequentially(SuiteRunner.java:437)\n\tat org.testng.SuiteRunner.privateRun(SuiteRunner.java:397)\n\tat org.testng.SuiteRunner.run(SuiteRunner.java:336)\n\tat org.testng.SuiteRunnerWorker.runSuite(SuiteRunnerWorker.java:52)\n\tat org.testng.SuiteRunnerWorker.run(SuiteRunnerWorker.java:95)\n\tat org.testng.TestNG.runSuitesSequentially(TestNG.java:1301)\n\tat org.testng.TestNG.runSuitesLocally(TestNG.java:1228)\n\tat org.testng.TestNG.runSuites(TestNG.java:1134)\n\tat org.testng.TestNG.run(TestNG.java:1101)\n\tat com.intellij.rt.testng.IDEARemoteTestNG.run(IDEARemoteTestNG.java:65)\n\tat com.intellij.rt.testng.RemoteTestNGStarter.main(RemoteTestNGStarter.java:105)\nCaused by: com.microsoft.playwright.impl.DriverException: Error {\n  message='SyntaxError: Failed to execute 'evaluate' on 'Document': The string '//*[text()='I don't have registration date, it's a new vehicle']' is not a valid XPath expression.\n    at Object.queryAll (<anonymous>:41:25)\n    at InjectedScript._queryEngineAll (<anonymous>:5916:49)\n    at InjectedScript.querySelectorAll (<anonymous>:5903:30)\n    at eval (eval at evaluate (:234:30), <anonymous>:5:35)\n    at UtilityScript.evaluate (<anonymous>:236:17)\n    at UtilityScript.<anonymous> (<anonymous>:1:44)\n  name='Error\n  stack='Error: SyntaxError: Failed to execute 'evaluate' on 'Document': The string '//*[text()='I don't have registration date, it's a new vehicle']' is not a valid XPath expression.\n    at Object.queryAll (<anonymous>:41:25)\n    at InjectedScript._queryEngineAll (<anonymous>:5916:49)\n    at InjectedScript.querySelectorAll (<anonymous>:5903:30)\n    at eval (eval at evaluate (:234:30), <anonymous>:5:35)\n    at UtilityScript.evaluate (<anonymous>:236:17)\n    at UtilityScript.<anonymous> (<anonymous>:1:44)\n    at CRExecutionContext.evaluateWithArguments (/private/var/folders/lm/9s7m2nks0j36ldwqcf932t5h0000gn/T/playwright-java-4267073346915919427/package/lib/server/chromium/crExecutionContext.js:79:33)\n    at async LongStandingScope._race (/private/var/folders/lm/9s7m2nks0j36ldwqcf932t5h0000gn/T/playwright-java-4267073346915919427/package/lib/utils/manualPromise.js:96:14)\n    at async evaluateExpression (/private/var/folders/lm/9s7m2nks0j36ldwqcf932t5h0000gn/T/playwright-java-4267073346915919427/package/lib/server/javascript.js:229:12)\n    at async /private/var/folders/lm/9s7m2nks0j36ldwqcf932t5h0000gn/T/playwright-java-4267073346915919427/package/lib/server/frames.js:964:22\n    at async Frame.retryWithProgressAndTimeouts (/private/var/folders/lm/9s7m2nks0j36ldwqcf932t5h0000gn/T/playwright-java-4267073346915919427/package/lib/server/frames.js:934:24)\n    at async /private/var/folders/lm/9s7m2nks0j36ldwqcf932t5h0000gn/T/playwright-java-4267073346915919427/package/lib/server/frames.js:1188:29\n    at async ProgressController.run (/private/var/folders/lm/9s7m2nks0j36ldwqcf932t5h0000gn/T/playwright-java-4267073346915919427/package/lib/server/progress.js:79:22)\n    at async FrameDispatcher.hover (/private/var/folders/lm/9s7m2nks0j36ldwqcf932t5h0000gn/T/playwright-java-4267073346915919427/package/lib/server/dispatchers/frameDispatcher.js:238:12)\n    at async LongStandingScope._race (/private/var/folders/lm/9s7m2nks0j36ldwqcf932t5h0000gn/T/playwright-java-4267073346915919427/package/lib/utils/manualPromise.js:96:14)\n    at async FrameDispatcher._handleCommand (/private/var/folders/lm/9s7m2nks0j36ldwqcf932t5h0000gn/T/playwright-java-4267073346915919427/package/lib/server/dispatchers/dispatcher.js:96:14)\n}\nCall log:\n-   - waiting for locator(\"//*[text()='I don't have registration date, it's a new vehicle']\")\n\n\tat com.microsoft.playwright.impl.Connection.dispatch(Connection.java:259)\n\tat com.microsoft.playwright.impl.Connection.processOneMessage(Connection.java:211)\n\tat com.microsoft.playwright.impl.ChannelOwner.runUntil(ChannelOwner.java:130)\n\t... 40 more\n"},"stage":"finished","steps":[],"attachments":[],"parameters":[],"start":1754549867181,"stop":1754549871638}