{"uuid":"9135ddd2-4845-4eb6-b078-e0d17fb660c3","historyId":"d7a28ae776de02503ef2cb49349b153f","fullName":"Login.Smoke_Test.life_Flow","labels":[{"name":"package","value":"Login.Smoke_Test"},{"name":"testClass","value":"Login.Smoke_Test"},{"name":"testMethod","value":"life_Flow"},{"name":"parentSuite","value":"Default Suite"},{"name":"suite","value":"playwrite"},{"name":"subSuite","value":"Login.Smoke_Test"},{"name":"host","value":"Tejass-MacBook-Pro.local"},{"name":"thread","value":"77263@Tejass-MacBook-Pro.local.main(1)"},{"name":"framework","value":"testng"},{"name":"language","value":"java"}],"links":[],"name":"life_Flow","status":"skipped","statusDetails":{"known":false,"muted":false,"flaky":false,"message":"Error {\n  message='Error: strict mode violation: locator(\"//span[text()='Sell']\") resolved to 2 elements:\n    1) <span class=\"headerLinkTitle\">Sell</span> aka getByRole(AriaRole.BUTTON, new Page.GetByRoleOptions().setName(\"Sell\"))\n    2) <span class=\"heading\">…</span> aka getByText(\"Sell And Earn\")\n\n  name='Error\n  stack='Error: Error: strict mode violation: locator(\"//span[text()='Sell']\") resolved to 2 elements:\n    1) <span class=\"headerLinkTitle\">Sell</span> aka getByRole(AriaRole.BUTTON, new Page.GetByRoleOptions().setName(\"Sell\"))\n    2) <span class=\"heading\">…</span> aka getByText(\"Sell And Earn\")\n\n    at CRExecutionContext.evaluateWithArguments (/private/var/folders/lm/9s7m2nks0j36ldwqcf932t5h0000gn/T/playwright-java-400373243673337314/package/lib/server/chromium/crExecutionContext.js:79:33)\n    at async LongStandingScope._race (/private/var/folders/lm/9s7m2nks0j36ldwqcf932t5h0000gn/T/playwright-java-400373243673337314/package/lib/utils/manualPromise.js:96:14)\n    at async evaluateExpression (/private/var/folders/lm/9s7m2nks0j36ldwqcf932t5h0000gn/T/playwright-java-400373243673337314/package/lib/server/javascript.js:229:12)\n    at async /private/var/folders/lm/9s7m2nks0j36ldwqcf932t5h0000gn/T/playwright-java-400373243673337314/package/lib/server/frames.js:964:22\n    at async Frame.retryWithProgressAndTimeouts (/private/var/folders/lm/9s7m2nks0j36ldwqcf932t5h0000gn/T/playwright-java-400373243673337314/package/lib/server/frames.js:934:24)\n    at async /private/var/folders/lm/9s7m2nks0j36ldwqcf932t5h0000gn/T/playwright-java-400373243673337314/package/lib/server/frames.js:1022:29\n    at async ProgressController.run (/private/var/folders/lm/9s7m2nks0j36ldwqcf932t5h0000gn/T/playwright-java-400373243673337314/package/lib/server/progress.js:79:22)\n    at async FrameDispatcher.click (/private/var/folders/lm/9s7m2nks0j36ldwqcf932t5h0000gn/T/playwright-java-400373243673337314/package/lib/server/dispatchers/frameDispatcher.js:159:12)\n    at async LongStandingScope._race (/private/var/folders/lm/9s7m2nks0j36ldwqcf932t5h0000gn/T/playwright-java-400373243673337314/package/lib/utils/manualPromise.js:96:14)\n    at async FrameDispatcher._handleCommand (/private/var/folders/lm/9s7m2nks0j36ldwqcf932t5h0000gn/T/playwright-java-400373243673337314/package/lib/server/dispatchers/dispatcher.js:96:14)\n}\nCall log:\n-   - waiting for locator(\"//span[text()='Sell']\")\n-     - waiting for navigation to finish...\n-     - navigated to \"https://app.mintpro.in/home\"\n","trace":"com.microsoft.playwright.PlaywrightException: Error {\n  message='Error: strict mode violation: locator(\"//span[text()='Sell']\") resolved to 2 elements:\n    1) <span class=\"headerLinkTitle\">Sell</span> aka getByRole(AriaRole.BUTTON, new Page.GetByRoleOptions().setName(\"Sell\"))\n    2) <span class=\"heading\">…</span> aka getByText(\"Sell And Earn\")\n\n  name='Error\n  stack='Error: Error: strict mode violation: locator(\"//span[text()='Sell']\") resolved to 2 elements:\n    1) <span class=\"headerLinkTitle\">Sell</span> aka getByRole(AriaRole.BUTTON, new Page.GetByRoleOptions().setName(\"Sell\"))\n    2) <span class=\"heading\">…</span> aka getByText(\"Sell And Earn\")\n\n    at CRExecutionContext.evaluateWithArguments (/private/var/folders/lm/9s7m2nks0j36ldwqcf932t5h0000gn/T/playwright-java-400373243673337314/package/lib/server/chromium/crExecutionContext.js:79:33)\n    at async LongStandingScope._race (/private/var/folders/lm/9s7m2nks0j36ldwqcf932t5h0000gn/T/playwright-java-400373243673337314/package/lib/utils/manualPromise.js:96:14)\n    at async evaluateExpression (/private/var/folders/lm/9s7m2nks0j36ldwqcf932t5h0000gn/T/playwright-java-400373243673337314/package/lib/server/javascript.js:229:12)\n    at async /private/var/folders/lm/9s7m2nks0j36ldwqcf932t5h0000gn/T/playwright-java-400373243673337314/package/lib/server/frames.js:964:22\n    at async Frame.retryWithProgressAndTimeouts (/private/var/folders/lm/9s7m2nks0j36ldwqcf932t5h0000gn/T/playwright-java-400373243673337314/package/lib/server/frames.js:934:24)\n    at async /private/var/folders/lm/9s7m2nks0j36ldwqcf932t5h0000gn/T/playwright-java-400373243673337314/package/lib/server/frames.js:1022:29\n    at async ProgressController.run (/private/var/folders/lm/9s7m2nks0j36ldwqcf932t5h0000gn/T/playwright-java-400373243673337314/package/lib/server/progress.js:79:22)\n    at async FrameDispatcher.click (/private/var/folders/lm/9s7m2nks0j36ldwqcf932t5h0000gn/T/playwright-java-400373243673337314/package/lib/server/dispatchers/frameDispatcher.js:159:12)\n    at async LongStandingScope._race (/private/var/folders/lm/9s7m2nks0j36ldwqcf932t5h0000gn/T/playwright-java-400373243673337314/package/lib/utils/manualPromise.js:96:14)\n    at async FrameDispatcher._handleCommand (/private/var/folders/lm/9s7m2nks0j36ldwqcf932t5h0000gn/T/playwright-java-400373243673337314/package/lib/server/dispatchers/dispatcher.js:96:14)\n}\nCall log:\n-   - waiting for locator(\"//span[text()='Sell']\")\n-     - waiting for navigation to finish...\n-     - navigated to \"https://app.mintpro.in/home\"\n\n\tat com.microsoft.playwright.impl.WaitableResult.get(WaitableResult.java:56)\n\tat com.microsoft.playwright.impl.ChannelOwner.runUntil(ChannelOwner.java:132)\n\tat com.microsoft.playwright.impl.Connection.sendMessage(Connection.java:130)\n\tat com.microsoft.playwright.impl.ChannelOwner.sendMessage(ChannelOwner.java:118)\n\tat com.microsoft.playwright.impl.FrameImpl.clickImpl(FrameImpl.java:252)\n\tat com.microsoft.playwright.impl.FrameImpl.lambda$click$8(FrameImpl.java:243)\n\tat com.microsoft.playwright.impl.LoggingSupport.lambda$withLogging$0(LoggingSupport.java:36)\n\tat com.microsoft.playwright.impl.LoggingSupport.withLogging(LoggingSupport.java:47)\n\tat com.microsoft.playwright.impl.ChannelOwner.withLogging(ChannelOwner.java:97)\n\tat com.microsoft.playwright.impl.LoggingSupport.withLogging(LoggingSupport.java:35)\n\tat com.microsoft.playwright.impl.FrameImpl.click(FrameImpl.java:243)\n\tat com.microsoft.playwright.impl.LocatorImpl.click(LocatorImpl.java:175)\n\tat com.microsoft.playwright.Locator.click(Locator.java:2493)\n\tat utils.TestUtil.click(TestUtil.java:9)\n\tat Pages.LoginPage.sell(LoginPage.java:27)\n\tat Login.Smoke_Test.setUp(Smoke_Test.java:24)\n\tat java.base/jdk.internal.reflect.NativeMethodAccessorImpl.invoke0(Native Method)\n\tat java.base/jdk.internal.reflect.NativeMethodAccessorImpl.invoke(NativeMethodAccessorImpl.java:77)\n\tat java.base/jdk.internal.reflect.DelegatingMethodAccessorImpl.invoke(DelegatingMethodAccessorImpl.java:43)\n\tat java.base/java.lang.reflect.Method.invoke(Method.java:568)\n\tat org.testng.internal.invokers.MethodInvocationHelper.invokeMethod(MethodInvocationHelper.java:139)\n\tat org.testng.internal.invokers.MethodInvocationHelper.invokeMethodConsideringTimeout(MethodInvocationHelper.java:69)\n\tat org.testng.internal.invokers.ConfigInvoker.invokeConfigurationMethod(ConfigInvoker.java:393)\n\tat org.testng.internal.invokers.ConfigInvoker.invokeConfigurations(ConfigInvoker.java:326)\n\tat org.testng.internal.invokers.TestInvoker.runConfigMethods(TestInvoker.java:810)\n\tat org.testng.internal.invokers.TestInvoker.invokeMethod(TestInvoker.java:578)\n\tat org.testng.internal.invokers.TestInvoker.invokeTestMethod(TestInvoker.java:228)\n\tat org.testng.internal.invokers.MethodRunner.runInSequence(MethodRunner.java:63)\n\tat org.testng.internal.invokers.TestInvoker$MethodInvocationAgent.invoke(TestInvoker.java:961)\n\tat org.testng.internal.invokers.TestInvoker.invokeTestMethods(TestInvoker.java:201)\n\tat org.testng.internal.invokers.TestMethodWorker.invokeTestMethods(TestMethodWorker.java:148)\n\tat org.testng.internal.invokers.TestMethodWorker.run(TestMethodWorker.java:128)\n\tat java.base/java.util.ArrayList.forEach(ArrayList.java:1511)\n\tat org.testng.TestRunner.privateRun(TestRunner.java:819)\n\tat org.testng.TestRunner.run(TestRunner.java:619)\n\tat org.testng.SuiteRunner.runTest(SuiteRunner.java:443)\n\tat org.testng.SuiteRunner.runSequentially(SuiteRunner.java:437)\n\tat org.testng.SuiteRunner.privateRun(SuiteRunner.java:397)\n\tat org.testng.SuiteRunner.run(SuiteRunner.java:336)\n\tat org.testng.SuiteRunnerWorker.runSuite(SuiteRunnerWorker.java:52)\n\tat org.testng.SuiteRunnerWorker.run(SuiteRunnerWorker.java:95)\n\tat org.testng.TestNG.runSuitesSequentially(TestNG.java:1301)\n\tat org.testng.TestNG.runSuitesLocally(TestNG.java:1228)\n\tat org.testng.TestNG.runSuites(TestNG.java:1134)\n\tat org.testng.TestNG.run(TestNG.java:1101)\n\tat com.intellij.rt.testng.IDEARemoteTestNG.run(IDEARemoteTestNG.java:65)\n\tat com.intellij.rt.testng.RemoteTestNGStarter.main(RemoteTestNGStarter.java:105)\nCaused by: com.microsoft.playwright.impl.DriverException: Error {\n  message='Error: strict mode violation: locator(\"//span[text()='Sell']\") resolved to 2 elements:\n    1) <span class=\"headerLinkTitle\">Sell</span> aka getByRole(AriaRole.BUTTON, new Page.GetByRoleOptions().setName(\"Sell\"))\n    2) <span class=\"heading\">…</span> aka getByText(\"Sell And Earn\")\n\n  name='Error\n  stack='Error: Error: strict mode violation: locator(\"//span[text()='Sell']\") resolved to 2 elements:\n    1) <span class=\"headerLinkTitle\">Sell</span> aka getByRole(AriaRole.BUTTON, new Page.GetByRoleOptions().setName(\"Sell\"))\n    2) <span class=\"heading\">…</span> aka getByText(\"Sell And Earn\")\n\n    at CRExecutionContext.evaluateWithArguments (/private/var/folders/lm/9s7m2nks0j36ldwqcf932t5h0000gn/T/playwright-java-400373243673337314/package/lib/server/chromium/crExecutionContext.js:79:33)\n    at async LongStandingScope._race (/private/var/folders/lm/9s7m2nks0j36ldwqcf932t5h0000gn/T/playwright-java-400373243673337314/package/lib/utils/manualPromise.js:96:14)\n    at async evaluateExpression (/private/var/folders/lm/9s7m2nks0j36ldwqcf932t5h0000gn/T/playwright-java-400373243673337314/package/lib/server/javascript.js:229:12)\n    at async /private/var/folders/lm/9s7m2nks0j36ldwqcf932t5h0000gn/T/playwright-java-400373243673337314/package/lib/server/frames.js:964:22\n    at async Frame.retryWithProgressAndTimeouts (/private/var/folders/lm/9s7m2nks0j36ldwqcf932t5h0000gn/T/playwright-java-400373243673337314/package/lib/server/frames.js:934:24)\n    at async /private/var/folders/lm/9s7m2nks0j36ldwqcf932t5h0000gn/T/playwright-java-400373243673337314/package/lib/server/frames.js:1022:29\n    at async ProgressController.run (/private/var/folders/lm/9s7m2nks0j36ldwqcf932t5h0000gn/T/playwright-java-400373243673337314/package/lib/server/progress.js:79:22)\n    at async FrameDispatcher.click (/private/var/folders/lm/9s7m2nks0j36ldwqcf932t5h0000gn/T/playwright-java-400373243673337314/package/lib/server/dispatchers/frameDispatcher.js:159:12)\n    at async LongStandingScope._race (/private/var/folders/lm/9s7m2nks0j36ldwqcf932t5h0000gn/T/playwright-java-400373243673337314/package/lib/utils/manualPromise.js:96:14)\n    at async FrameDispatcher._handleCommand (/private/var/folders/lm/9s7m2nks0j36ldwqcf932t5h0000gn/T/playwright-java-400373243673337314/package/lib/server/dispatchers/dispatcher.js:96:14)\n}\nCall log:\n-   - waiting for locator(\"//span[text()='Sell']\")\n-     - waiting for navigation to finish...\n-     - navigated to \"https://app.mintpro.in/home\"\n\n\tat com.microsoft.playwright.impl.Connection.dispatch(Connection.java:259)\n\tat com.microsoft.playwright.impl.Connection.processOneMessage(Connection.java:211)\n\tat com.microsoft.playwright.impl.ChannelOwner.runUntil(ChannelOwner.java:130)\n\t... 45 more\n"},"stage":"finished","steps":[],"attachments":[],"parameters":[],"start":1754024081441,"stop":1754024081444}